<?xml version="1.0" encoding="UTF-8"?>
<testsuite xmlns:xsi="http://www.w3.org/2001/XMLSchema-instance" xsi:noNamespaceSchemaLocation="https://maven.apache.org/surefire/maven-surefire-plugin/xsd/surefire-test-report-3.0.xsd" version="3.0" name="com.dasalgadco.testinjava.basics.FizzbuzzTest" time="4.582" tests="5" errors="0" skipped="0" failures="0">
  <properties>
[...]
</properties>
  <testcase name="test_Return_FizzBuzz_If_Divisible_By_3_And_5" classname="com.dasalgadco.testinjava.basics.FizzbuzzTest" time="0.547">
    <system-out><![CDATA[22:52:40.688 [main] INFO org.springframework.test.context.support.AnnotationConfigContextLoaderUtils -- Could not detect default configuration classes for test class [com.dasalgadco.testinjava.basics.FizzbuzzTest]: FizzbuzzTest does not declare any static, non-private, non-final, nested classes annotated with @Configuration.
22:52:40.786 [main] INFO org.springframework.boot.test.context.SpringBootTestContextBootstrapper -- Found @SpringBootConfiguration com.dasalgadco.testinjava.TestInJavaApplication for test class com.dasalgadco.testinjava.basics.FizzbuzzTest

  .   ____          _            __ _ _
 /\\ / ___'_ __ _ _(_)_ __  __ _ \ \ \ \
( ( )\___ | '_ | '_| | '_ \/ _` | \ \ \ \
 \\/  ___)| |_)| | | | | || (_| |  ) ) ) )
  '  |____| .__|_| |_|_| |_\__, | / / / /
 =========|_|==============|___/=/_/_/_/
 :: Spring Boot ::                (v3.1.0)

2023-06-10T22:52:41.195-05:00  INFO 36318 --- [           main] c.d.testinjava.basics.FizzbuzzTest       : Starting FizzbuzzTest using Java 20.0.1 with PID 36318 (started by diesalgado in /Users/diesalgado/Documents/repos/testing-in-java)
2023-06-10T22:52:41.196-05:00  INFO 36318 --- [           main] c.d.testinjava.basics.FizzbuzzTest       : No active profile set, falling back to 1 default profile: "default"
2023-06-10T22:52:41.752-05:00  INFO 36318 --- [           main] .s.d.r.c.RepositoryConfigurationDelegate : Bootstrapping Spring Data JPA repositories in DEFAULT mode.
2023-06-10T22:52:41.815-05:00  INFO 36318 --- [           main] .s.d.r.c.RepositoryConfigurationDelegate : Finished Spring Data repository scanning in 54 ms. Found 2 JPA repository interfaces.
2023-06-10T22:52:42.166-05:00  INFO 36318 --- [           main] o.hibernate.jpa.internal.util.LogHelper  : HHH000204: Processing PersistenceUnitInfo [name: default]
2023-06-10T22:52:42.226-05:00  INFO 36318 --- [           main] org.hibernate.Version                    : HHH000412: Hibernate ORM core version 6.2.2.Final
2023-06-10T22:52:42.228-05:00  INFO 36318 --- [           main] org.hibernate.cfg.Environment            : HHH000406: Using bytecode reflection optimizer
2023-06-10T22:52:42.383-05:00  INFO 36318 --- [           main] o.h.b.i.BytecodeProviderInitiator        : HHH000021: Bytecode provider name : bytebuddy
2023-06-10T22:52:42.513-05:00  INFO 36318 --- [           main] o.s.o.j.p.SpringPersistenceUnitInfo      : No LoadTimeWeaver setup: ignoring JPA class transformer
2023-06-10T22:52:42.534-05:00  INFO 36318 --- [           main] com.zaxxer.hikari.HikariDataSource       : HikariPool-1 - Starting...
2023-06-10T22:52:42.774-05:00  INFO 36318 --- [           main] com.zaxxer.hikari.pool.HikariPool        : HikariPool-1 - Added connection com.mysql.cj.jdbc.ConnectionImpl@70fede7d
2023-06-10T22:52:42.776-05:00  INFO 36318 --- [           main] com.zaxxer.hikari.HikariDataSource       : HikariPool-1 - Start completed.
2023-06-10T22:52:42.893-05:00  INFO 36318 --- [           main] org.hibernate.orm.dialect                : HHH035001: Using dialect: org.hibernate.dialect.MySQLDialect, version: 8.0.32
2023-06-10T22:52:43.102-05:00  INFO 36318 --- [           main] o.h.b.i.BytecodeProviderInitiator        : HHH000021: Bytecode provider name : bytebuddy
2023-06-10T22:52:43.702-05:00  INFO 36318 --- [           main] o.h.e.t.j.p.i.JtaPlatformInitiator       : HHH000490: Using JtaPlatform implementation: [org.hibernate.engine.transaction.jta.platform.internal.NoJtaPlatform]
2023-06-10T22:52:43.762-05:00  INFO 36318 --- [           main] j.LocalContainerEntityManagerFactoryBean : Initialized JPA EntityManagerFactory for persistence unit 'default'
2023-06-10T22:52:44.124-05:00  WARN 36318 --- [           main] JpaBaseConfiguration$JpaWebConfiguration : spring.jpa.open-in-view is enabled by default. Therefore, database queries may be performed during view rendering. Explicitly configure spring.jpa.open-in-view to disable this warning
2023-06-10T22:52:44.532-05:00  INFO 36318 --- [           main] c.d.testinjava.basics.FizzbuzzTest       : Started FizzbuzzTest in 3.575 seconds (process running for 4.486)
]]></system-out>
  </testcase>
  <testcase name="test_Any_Number_Should_Return_Self" classname="com.dasalgadco.testinjava.basics.FizzbuzzTest" time="0.003"/>
  <testcase name="test_Return_Buzz_If_Divisible_By_5" classname="com.dasalgadco.testinjava.basics.FizzbuzzTest" time="0.002"/>
  <testcase name="testAllStartsWell" classname="com.dasalgadco.testinjava.basics.FizzbuzzTest" time="0.002"/>
  <testcase name="test_Return_Fizz_If_Divisible_By_3" classname="com.dasalgadco.testinjava.basics.FizzbuzzTest" time="0.002"/>
</testsuite>